<?xml version="1.0" encoding="UTF-8"?>
<testsuite name="com.cg.employeedatabase.EmployeePayrollserviceTest" tests="1" skipped="0" failures="0" errors="0" timestamp="2020-11-04T14:36:38" hostname="DESKTOP-AURK5V2" time="0.584">
  <properties/>
  <testcase name="givenNewSalaryForEmployee_WhenUpdated_ShouldSyncWithDataBase" classname="com.cg.employeedatabase.EmployeePayrollserviceTest" time="0.584"/>
  <system-out><![CDATA[Driver Loaded!!
  com.mysql.jdbc.Driver
  com.mysql.fabric.jdbc.FabricMySQLDriver
Connecting to the Database jdbc:mysql://localhost:3306/employeepayroll_service?useSSL=false
Connection was successful
Driver Loaded!!
  com.mysql.jdbc.Driver
  com.mysql.fabric.jdbc.FabricMySQLDriver
Connecting to the Database jdbc:mysql://localhost:3306/employeepayroll_service?useSSL=false
Connection was successful
Driver Loaded!!
  com.mysql.jdbc.Driver
  com.mysql.fabric.jdbc.FabricMySQLDriver
Connecting to the Database jdbc:mysql://localhost:3306/employeepayroll_service?useSSL=false
Connection was successful
]]></system-out>
  <system-err><![CDATA[]]></system-err>
</testsuite>
